<?xml version="1.0" encoding="UTF-8"?>
<!-- Generated by org.testng.reporters.JUnitReportReporter -->
<testsuite skipped="0" hostname="L3914693A244" name="newTest.NewTest" tests="1" failures="0" timestamp="06 八月 2020 08:19:23 GMT" time="5.227" errors="0">
  <testcase name="test1" time="5.227" classname="newTest.NewTest"/>
</testsuite> <!-- newTest.NewTest -->
